[INFO] Scanning for projects...
[INFO] 
[INFO] -------------< io.github.bhuwanupadhyay:orders-api-server >-------------
[INFO] Building orders-api-server 0.0.1-SNAPSHOT
[INFO] --------------------------------[ jar ]---------------------------------
[INFO] 
[INFO] --- maven-clean-plugin:3.1.0:clean (default-clean) @ orders-api-server ---
[INFO] Deleting /home/pc/BhuwanUpadhyay/githubs/spring-cloud-contract-openapi-sample/orders-api-server/target
[INFO] 
[INFO] --- openapi-generator-maven-plugin:4.2.3:generate (default) @ orders-api-server ---
[WARNING] Output directory does not exist, or is inaccessible. No file (.openapi-generator-ignore) will be evaluated.
[INFO] OpenAPI Generator: spring (server)
[INFO] Generator 'spring' is considered stable.
[INFO] ----------------------------------
[INFO] has JAVA8
[INFO] Set base package to invoker package (io.github.bhuwanupadhyay.ordersapijava8.openapi)
[INFO] Environment variable JAVA_POST_PROCESS_FILE not defined so the Java code may not be properly formatted. To define it, try 'export JAVA_POST_PROCESS_FILE="/usr/local/bin/clang-format -i"' (Linux/Mac)
[INFO] NOTE: To enable file post-processing, 'enablePostProcessFile' must be set to `true` (--enable-post-process-file for CLI).
[INFO] Processing operation getOrder
[INFO] Processing operation updateOrder
[INFO] Processing operation deleteOrder
[INFO] Processing operation listOrder
[INFO] Processing operation createOrder
[INFO] writing file /home/pc/BhuwanUpadhyay/githubs/spring-cloud-contract-openapi-sample/orders-api-server/target/generated-sources/openapi/src/main/java/io/github/bhuwanupadhyay/ordersapijava8/openapi/CreateOrderCommand.java
[INFO] writing file /home/pc/BhuwanUpadhyay/githubs/spring-cloud-contract-openapi-sample/orders-api-server/target/generated-sources/openapi/src/main/java/io/github/bhuwanupadhyay/ordersapijava8/openapi/ErrorResource.java
[INFO] writing file /home/pc/BhuwanUpadhyay/githubs/spring-cloud-contract-openapi-sample/orders-api-server/target/generated-sources/openapi/src/main/java/io/github/bhuwanupadhyay/ordersapijava8/openapi/OrderPageList.java
[INFO] writing file /home/pc/BhuwanUpadhyay/githubs/spring-cloud-contract-openapi-sample/orders-api-server/target/generated-sources/openapi/src/main/java/io/github/bhuwanupadhyay/ordersapijava8/openapi/OrderResource.java
[INFO] writing file /home/pc/BhuwanUpadhyay/githubs/spring-cloud-contract-openapi-sample/orders-api-server/target/generated-sources/openapi/src/main/java/io/github/bhuwanupadhyay/ordersapijava8/openapi/PageCommand.java
[INFO] writing file /home/pc/BhuwanUpadhyay/githubs/spring-cloud-contract-openapi-sample/orders-api-server/target/generated-sources/openapi/src/main/java/io/github/bhuwanupadhyay/ordersapijava8/openapi/PageResource.java
[INFO] writing file /home/pc/BhuwanUpadhyay/githubs/spring-cloud-contract-openapi-sample/orders-api-server/target/generated-sources/openapi/src/main/java/io/github/bhuwanupadhyay/ordersapijava8/openapi/UpdateOrderCommand.java
[INFO] writing file /home/pc/BhuwanUpadhyay/githubs/spring-cloud-contract-openapi-sample/orders-api-server/target/generated-sources/openapi/src/main/java/io/github/bhuwanupadhyay/ordersapijava8/openapi/OrdersApi.java
[INFO] writing file /home/pc/BhuwanUpadhyay/githubs/spring-cloud-contract-openapi-sample/orders-api-server/target/generated-sources/openapi/pom.xml
[INFO] writing file /home/pc/BhuwanUpadhyay/githubs/spring-cloud-contract-openapi-sample/orders-api-server/target/generated-sources/openapi/README.md
[INFO] writing file /home/pc/BhuwanUpadhyay/githubs/spring-cloud-contract-openapi-sample/orders-api-server/target/generated-sources/openapi/src/main/java/io/github/bhuwanupadhyay/ordersapijava8/openapi/ApiUtil.java
[INFO] writing file /home/pc/BhuwanUpadhyay/githubs/spring-cloud-contract-openapi-sample/orders-api-server/target/generated-sources/openapi/.openapi-generator-ignore
[INFO] writing file /home/pc/BhuwanUpadhyay/githubs/spring-cloud-contract-openapi-sample/orders-api-server/target/generated-sources/openapi/.openapi-generator/VERSION
[INFO] 
[INFO] --- maven-resources-plugin:3.1.0:resources (default-resources) @ orders-api-server ---
[INFO] Using 'UTF-8' encoding to copy filtered resources.
[INFO] Copying 1 resource
[INFO] Copying 0 resource
[INFO] 
[INFO] --- maven-compiler-plugin:3.8.1:compile (default-compile) @ orders-api-server ---
[INFO] Changes detected - recompiling the module!
[INFO] Compiling 18 source files to /home/pc/BhuwanUpadhyay/githubs/spring-cloud-contract-openapi-sample/orders-api-server/target/classes
[INFO] 
[INFO] --- spring-cloud-contract-maven-plugin:2.2.2.RELEASE:generateTests (default-generateTests) @ orders-api-server ---
[INFO] Generating server tests source code for Spring Cloud Contract Verifier contract verification
[INFO] Will use contracts provided in the folder [/home/pc/BhuwanUpadhyay/githubs/spring-cloud-contract-openapi-sample/orders-api-server/src/test/resources/contracts]
[INFO] Directory with contract is present at [/home/pc/BhuwanUpadhyay/githubs/spring-cloud-contract-openapi-sample/orders-api-server/src/test/resources/contracts]
[INFO] Test Source directory: /home/pc/BhuwanUpadhyay/githubs/spring-cloud-contract-openapi-sample/orders-api-server/target/generated-test-sources/contracts added.
[INFO] Using [io.github.bhuwanupadhyay.ordersapijava8.application.OrdersApiBase] as base class for test classes, [null] as base package for tests, [null] as package with base classes, base class mappings []
[INFO] Creating new class file [/home/pc/BhuwanUpadhyay/githubs/spring-cloud-contract-openapi-sample/orders-api-server/target/generated-test-sources/contracts/io/github/bhuwanupadhyay/ordersapijava8/application/ContractVerifierTest.java]
[INFO] Generated 1 test classes.
[INFO] 
[INFO] --- maven-resources-plugin:3.1.0:testResources (default-testResources) @ orders-api-server ---
[INFO] Using 'UTF-8' encoding to copy filtered resources.
[INFO] Copying 9 resources
[INFO] skip non existing resourceDirectory /home/pc/BhuwanUpadhyay/githubs/spring-cloud-contract-openapi-sample/orders-api-server/target/generated-test-resources/contracts
[INFO] 
[INFO] --- spring-cloud-contract-maven-plugin:2.2.2.RELEASE:convert (default-convert) @ orders-api-server ---
[INFO] Will use contracts provided in the folder [/home/pc/BhuwanUpadhyay/githubs/spring-cloud-contract-openapi-sample/orders-api-server/src/test/resources/contracts]
[INFO] Copying Spring Cloud Contract Verifier contracts to [/home/pc/BhuwanUpadhyay/githubs/spring-cloud-contract-openapi-sample/orders-api-server/target/stubs/META-INF/io.github.bhuwanupadhyay/orders-api-server/0.0.1-SNAPSHOT/contracts]. Only files matching [.*] pattern will end up in the final JAR with stubs.
[INFO] Using 'UTF-8' encoding to copy filtered resources.
[INFO] Copying 8 resources
[INFO] Converting from Spring Cloud Contract Verifier contracts to WireMock stubs mappings
[INFO]      Spring Cloud Contract Verifier contracts directory: /home/pc/BhuwanUpadhyay/githubs/spring-cloud-contract-openapi-sample/orders-api-server/src/test/resources/contracts
[INFO] Stub Server stubs mappings directory: /home/pc/BhuwanUpadhyay/githubs/spring-cloud-contract-openapi-sample/orders-api-server/target/stubs/META-INF/io.github.bhuwanupadhyay/orders-api-server/0.0.1-SNAPSHOT/mappings
[INFO] Creating new stub [/home/pc/BhuwanUpadhyay/githubs/spring-cloud-contract-openapi-sample/orders-api-server/target/stubs/META-INF/io.github.bhuwanupadhyay/orders-api-server/0.0.1-SNAPSHOT/mappings/shouldCreateOrderIfOrderIsValid.json]
[INFO] Creating new stub [/home/pc/BhuwanUpadhyay/githubs/spring-cloud-contract-openapi-sample/orders-api-server/target/stubs/META-INF/io.github.bhuwanupadhyay/orders-api-server/0.0.1-SNAPSHOT/mappings/shouldDeleteOrderIfOrderExists.json]
[INFO] Creating new stub [/home/pc/BhuwanUpadhyay/githubs/spring-cloud-contract-openapi-sample/orders-api-server/target/stubs/META-INF/io.github.bhuwanupadhyay/orders-api-server/0.0.1-SNAPSHOT/mappings/shouldReturnListOfOrder.json]
[INFO] Creating new stub [/home/pc/BhuwanUpadhyay/githubs/spring-cloud-contract-openapi-sample/orders-api-server/target/stubs/META-INF/io.github.bhuwanupadhyay/orders-api-server/0.0.1-SNAPSHOT/mappings/shouldReturnNotFoundIfOrderDoesNotExists.json]
[INFO] Creating new stub [/home/pc/BhuwanUpadhyay/githubs/spring-cloud-contract-openapi-sample/orders-api-server/target/stubs/META-INF/io.github.bhuwanupadhyay/orders-api-server/0.0.1-SNAPSHOT/mappings/shouldReturnOrderIfOrderExists.json]
[INFO] Creating new stub [/home/pc/BhuwanUpadhyay/githubs/spring-cloud-contract-openapi-sample/orders-api-server/target/stubs/META-INF/io.github.bhuwanupadhyay/orders-api-server/0.0.1-SNAPSHOT/mappings/shouldUpdateOrderIfOrderIsValid.json]
[INFO] 
[INFO] --- maven-compiler-plugin:3.8.1:testCompile (default-testCompile) @ orders-api-server ---
[INFO] Changes detected - recompiling the module!
[INFO] Compiling 2 source files to /home/pc/BhuwanUpadhyay/githubs/spring-cloud-contract-openapi-sample/orders-api-server/target/test-classes
[INFO] 
[INFO] --- maven-surefire-plugin:2.22.2:test (default-test) @ orders-api-server ---
[INFO] 
[INFO] -------------------------------------------------------
[INFO]  T E S T S
[INFO] -------------------------------------------------------
[INFO] Running io.github.bhuwanupadhyay.ordersapijava8.application.ContractVerifierTest
20:39:57.147 [main] DEBUG org.jboss.logging - Logging Provider: org.jboss.logging.Log4j2LoggerProvider
20:39:57.150 [main] INFO org.hibernate.validator.internal.util.Version - HV000001: Hibernate Validator 6.1.2.Final
20:39:57.158 [main] DEBUG org.hibernate.validator.internal.engine.resolver.TraversableResolvers - Cannot find javax.persistence.Persistence on classpath. Assuming non JPA 2 environment. All properties will per default be traversable.
20:39:57.181 [main] DEBUG org.hibernate.validator.messageinterpolation.ResourceBundleMessageInterpolator - Loaded expression factory via original TCCL
20:39:57.182 [main] DEBUG org.hibernate.validator.internal.engine.AbstractConfigurationImpl - Setting custom MessageInterpolator of type org.springframework.validation.beanvalidation.LocaleContextMessageInterpolator
20:39:57.183 [main] DEBUG org.hibernate.validator.internal.engine.AbstractConfigurationImpl - Setting custom ParameterNameProvider of type org.springframework.validation.beanvalidation.LocalValidatorFactoryBean$1
20:39:57.201 [main] DEBUG org.hibernate.validator.internal.xml.config.ValidationXmlParser - Trying to load META-INF/validation.xml for XML based Validator configuration.
20:39:57.203 [main] DEBUG org.hibernate.validator.internal.xml.config.ResourceLoaderHelper - Trying to load META-INF/validation.xml via TCCL
20:39:57.204 [main] DEBUG org.hibernate.validator.internal.xml.config.ResourceLoaderHelper - Trying to load META-INF/validation.xml via Hibernate Validator's class loader
20:39:57.204 [main] DEBUG org.hibernate.validator.internal.xml.config.ValidationXmlParser - No META-INF/validation.xml found. Using annotation based configuration only.
20:39:57.320 [main] DEBUG org.hibernate.validator.internal.engine.ValidatorFactoryConfigurationHelper - HV000252: Using org.hibernate.validator.internal.engine.DefaultPropertyNodeNameProvider as property node name provider.
20:39:57.325 [main] DEBUG org.hibernate.validator.internal.engine.ValidatorFactoryConfigurationHelper - HV000234: Using org.springframework.validation.beanvalidation.LocaleContextMessageInterpolator as ValidatorFactory-scoped message interpolator.
20:39:57.326 [main] DEBUG org.hibernate.validator.internal.engine.ValidatorFactoryConfigurationHelper - HV000234: Using org.hibernate.validator.internal.engine.resolver.TraverseAllTraversableResolver as ValidatorFactory-scoped traversable resolver.
20:39:57.326 [main] DEBUG org.hibernate.validator.internal.engine.ValidatorFactoryConfigurationHelper - HV000234: Using org.hibernate.validator.internal.util.ExecutableParameterNameProvider as ValidatorFactory-scoped parameter name provider.
20:39:57.326 [main] DEBUG org.hibernate.validator.internal.engine.ValidatorFactoryConfigurationHelper - HV000234: Using org.hibernate.validator.internal.engine.DefaultClockProvider as ValidatorFactory-scoped clock provider.
20:39:57.326 [main] DEBUG org.hibernate.validator.internal.engine.ValidatorFactoryConfigurationHelper - HV000234: Using org.hibernate.validator.internal.engine.scripting.DefaultScriptEvaluatorFactory as ValidatorFactory-scoped script evaluator factory.
20:39:57.504 [main] DEBUG org.springframework.web.servlet.mvc.method.annotation.RequestMappingHandlerMapping - 5 mappings in <unknown>
20:39:57.805 [main] DEBUG org.springframework.web.servlet.mvc.method.annotation.RequestMappingHandlerAdapter - ControllerAdvice beans: 0 @ModelAttribute, 0 @InitBinder, 1 RequestBodyAdvice, 1 ResponseBodyAdvice
20:39:57.843 [main] DEBUG org.springframework.web.servlet.mvc.method.annotation.ExceptionHandlerExceptionResolver - ControllerAdvice beans: 0 @ExceptionHandler, 1 ResponseBodyAdvice
20:39:57.870 [main] INFO org.springframework.mock.web.MockServletContext - Initializing Spring TestDispatcherServlet ''
20:39:57.871 [main] INFO org.springframework.test.web.servlet.TestDispatcherServlet - Initializing Servlet ''
20:39:57.873 [main] DEBUG org.springframework.test.web.servlet.TestDispatcherServlet - Detected AcceptHeaderLocaleResolver
20:39:57.874 [main] DEBUG org.springframework.test.web.servlet.TestDispatcherServlet - Detected FixedThemeResolver
20:39:57.874 [main] DEBUG org.springframework.test.web.servlet.TestDispatcherServlet - Detected org.springframework.web.servlet.view.DefaultRequestToViewNameTranslator@4cee7fa0
20:39:57.874 [main] DEBUG org.springframework.test.web.servlet.TestDispatcherServlet - Detected org.springframework.web.servlet.support.SessionFlashMapManager@7a26928a
20:39:57.875 [main] DEBUG org.springframework.test.web.servlet.TestDispatcherServlet - enableLoggingRequestDetails='false': request parameters and headers will be masked to prevent unsafe logging of potentially sensitive data
20:39:57.875 [main] INFO org.springframework.test.web.servlet.TestDispatcherServlet - Completed initialization in 4 ms
20:39:57.948 [main] DEBUG org.springframework.test.web.servlet.TestDispatcherServlet - DELETE "/orders/0a818933-087d-47f2-ad83-2f986ed087eb", parameters={}
20:39:57.954 [main] DEBUG org.springframework.web.servlet.mvc.method.annotation.RequestMappingHandlerMapping - Mapped to io.github.bhuwanupadhyay.ordersapijava8.application.WebOrderHandler#deleteOrder(String)
20:39:58.014 [main] DEBUG org.springframework.web.servlet.mvc.method.annotation.HttpEntityMethodProcessor - Using 'application/json', given [*/*] and supported [application/json, application/*+json]
20:39:58.014 [main] DEBUG org.springframework.web.servlet.mvc.method.annotation.HttpEntityMethodProcessor - Nothing to write: null body
20:39:58.017 [main] DEBUG org.springframework.test.web.servlet.TestDispatcherServlet - Completed 200 OK
20:39:58.140 [main] DEBUG org.hibernate.validator.internal.engine.resolver.TraversableResolvers - Cannot find javax.persistence.Persistence on classpath. Assuming non JPA 2 environment. All properties will per default be traversable.
20:39:58.140 [main] DEBUG org.hibernate.validator.messageinterpolation.ResourceBundleMessageInterpolator - Loaded expression factory via original TCCL
20:39:58.140 [main] DEBUG org.hibernate.validator.internal.engine.AbstractConfigurationImpl - Setting custom MessageInterpolator of type org.springframework.validation.beanvalidation.LocaleContextMessageInterpolator
20:39:58.140 [main] DEBUG org.hibernate.validator.internal.engine.AbstractConfigurationImpl - Setting custom ParameterNameProvider of type org.springframework.validation.beanvalidation.LocalValidatorFactoryBean$1
20:39:58.141 [main] DEBUG org.hibernate.validator.internal.xml.config.ValidationXmlParser - Trying to load META-INF/validation.xml for XML based Validator configuration.
20:39:58.141 [main] DEBUG org.hibernate.validator.internal.xml.config.ResourceLoaderHelper - Trying to load META-INF/validation.xml via TCCL
20:39:58.142 [main] DEBUG org.hibernate.validator.internal.xml.config.ResourceLoaderHelper - Trying to load META-INF/validation.xml via Hibernate Validator's class loader
20:39:58.142 [main] DEBUG org.hibernate.validator.internal.xml.config.ValidationXmlParser - No META-INF/validation.xml found. Using annotation based configuration only.
20:39:58.147 [main] DEBUG org.hibernate.validator.internal.engine.ValidatorFactoryConfigurationHelper - HV000252: Using org.hibernate.validator.internal.engine.DefaultPropertyNodeNameProvider as property node name provider.
20:39:58.148 [main] DEBUG org.hibernate.validator.internal.engine.ValidatorFactoryConfigurationHelper - HV000234: Using org.springframework.validation.beanvalidation.LocaleContextMessageInterpolator as ValidatorFactory-scoped message interpolator.
20:39:58.148 [main] DEBUG org.hibernate.validator.internal.engine.ValidatorFactoryConfigurationHelper - HV000234: Using org.hibernate.validator.internal.engine.resolver.TraverseAllTraversableResolver as ValidatorFactory-scoped traversable resolver.
20:39:58.148 [main] DEBUG org.hibernate.validator.internal.engine.ValidatorFactoryConfigurationHelper - HV000234: Using org.hibernate.validator.internal.util.ExecutableParameterNameProvider as ValidatorFactory-scoped parameter name provider.
20:39:58.148 [main] DEBUG org.hibernate.validator.internal.engine.ValidatorFactoryConfigurationHelper - HV000234: Using org.hibernate.validator.internal.engine.DefaultClockProvider as ValidatorFactory-scoped clock provider.
20:39:58.149 [main] DEBUG org.hibernate.validator.internal.engine.ValidatorFactoryConfigurationHelper - HV000234: Using org.hibernate.validator.internal.engine.scripting.DefaultScriptEvaluatorFactory as ValidatorFactory-scoped script evaluator factory.
20:39:58.158 [main] DEBUG org.springframework.web.servlet.mvc.method.annotation.RequestMappingHandlerMapping - 5 mappings in <unknown>
20:39:58.163 [main] DEBUG org.springframework.web.servlet.mvc.method.annotation.RequestMappingHandlerAdapter - ControllerAdvice beans: 0 @ModelAttribute, 0 @InitBinder, 1 RequestBodyAdvice, 1 ResponseBodyAdvice
20:39:58.167 [main] DEBUG org.springframework.web.servlet.mvc.method.annotation.ExceptionHandlerExceptionResolver - ControllerAdvice beans: 0 @ExceptionHandler, 1 ResponseBodyAdvice
20:39:58.167 [main] INFO org.springframework.mock.web.MockServletContext - Initializing Spring TestDispatcherServlet ''
20:39:58.167 [main] INFO org.springframework.test.web.servlet.TestDispatcherServlet - Initializing Servlet ''
20:39:58.168 [main] DEBUG org.springframework.test.web.servlet.TestDispatcherServlet - Detected AcceptHeaderLocaleResolver
20:39:58.168 [main] DEBUG org.springframework.test.web.servlet.TestDispatcherServlet - Detected FixedThemeResolver
20:39:58.168 [main] DEBUG org.springframework.test.web.servlet.TestDispatcherServlet - Detected org.springframework.web.servlet.view.DefaultRequestToViewNameTranslator@1931d99
20:39:58.168 [main] DEBUG org.springframework.test.web.servlet.TestDispatcherServlet - Detected org.springframework.web.servlet.support.SessionFlashMapManager@6a9950f1
20:39:58.168 [main] DEBUG org.springframework.test.web.servlet.TestDispatcherServlet - enableLoggingRequestDetails='false': request parameters and headers will be masked to prevent unsafe logging of potentially sensitive data
20:39:58.168 [main] INFO org.springframework.test.web.servlet.TestDispatcherServlet - Completed initialization in 1 ms
20:39:58.171 [main] DEBUG org.springframework.test.web.servlet.TestDispatcherServlet - GET "/orders/00000000-0000-0000-0000-000000000000", parameters={}
20:39:58.172 [main] DEBUG org.springframework.web.servlet.mvc.method.annotation.RequestMappingHandlerMapping - Mapped to io.github.bhuwanupadhyay.ordersapijava8.application.WebOrderHandler#getOrder(String)
20:39:58.176 [main] DEBUG org.springframework.web.servlet.mvc.method.annotation.HttpEntityMethodProcessor - Using 'application/json', given [*/*] and supported [application/json]
20:39:58.219 [main] DEBUG org.springframework.web.servlet.mvc.method.annotation.HttpEntityMethodProcessor - Nothing to write: null body
20:39:58.219 [main] DEBUG org.springframework.test.web.servlet.TestDispatcherServlet - Completed 404 NOT_FOUND
20:39:58.236 [main] DEBUG org.hibernate.validator.internal.engine.resolver.TraversableResolvers - Cannot find javax.persistence.Persistence on classpath. Assuming non JPA 2 environment. All properties will per default be traversable.
20:39:58.240 [main] DEBUG org.hibernate.validator.messageinterpolation.ResourceBundleMessageInterpolator - Loaded expression factory via original TCCL
20:39:58.240 [main] DEBUG org.hibernate.validator.internal.engine.AbstractConfigurationImpl - Setting custom MessageInterpolator of type org.springframework.validation.beanvalidation.LocaleContextMessageInterpolator
20:39:58.240 [main] DEBUG org.hibernate.validator.internal.engine.AbstractConfigurationImpl - Setting custom ParameterNameProvider of type org.springframework.validation.beanvalidation.LocalValidatorFactoryBean$1
20:39:58.241 [main] DEBUG org.hibernate.validator.internal.xml.config.ValidationXmlParser - Trying to load META-INF/validation.xml for XML based Validator configuration.
20:39:58.241 [main] DEBUG org.hibernate.validator.internal.xml.config.ResourceLoaderHelper - Trying to load META-INF/validation.xml via TCCL
20:39:58.242 [main] DEBUG org.hibernate.validator.internal.xml.config.ResourceLoaderHelper - Trying to load META-INF/validation.xml via Hibernate Validator's class loader
20:39:58.242 [main] DEBUG org.hibernate.validator.internal.xml.config.ValidationXmlParser - No META-INF/validation.xml found. Using annotation based configuration only.
20:39:58.250 [main] DEBUG org.hibernate.validator.internal.engine.ValidatorFactoryConfigurationHelper - HV000252: Using org.hibernate.validator.internal.engine.DefaultPropertyNodeNameProvider as property node name provider.
20:39:58.250 [main] DEBUG org.hibernate.validator.internal.engine.ValidatorFactoryConfigurationHelper - HV000234: Using org.springframework.validation.beanvalidation.LocaleContextMessageInterpolator as ValidatorFactory-scoped message interpolator.
20:39:58.251 [main] DEBUG org.hibernate.validator.internal.engine.ValidatorFactoryConfigurationHelper - HV000234: Using org.hibernate.validator.internal.engine.resolver.TraverseAllTraversableResolver as ValidatorFactory-scoped traversable resolver.
20:39:58.251 [main] DEBUG org.hibernate.validator.internal.engine.ValidatorFactoryConfigurationHelper - HV000234: Using org.hibernate.validator.internal.util.ExecutableParameterNameProvider as ValidatorFactory-scoped parameter name provider.
20:39:58.251 [main] DEBUG org.hibernate.validator.internal.engine.ValidatorFactoryConfigurationHelper - HV000234: Using org.hibernate.validator.internal.engine.DefaultClockProvider as ValidatorFactory-scoped clock provider.
20:39:58.251 [main] DEBUG org.hibernate.validator.internal.engine.ValidatorFactoryConfigurationHelper - HV000234: Using org.hibernate.validator.internal.engine.scripting.DefaultScriptEvaluatorFactory as ValidatorFactory-scoped script evaluator factory.
20:39:58.261 [main] DEBUG org.springframework.web.servlet.mvc.method.annotation.RequestMappingHandlerMapping - 5 mappings in <unknown>
20:39:58.266 [main] DEBUG org.springframework.web.servlet.mvc.method.annotation.RequestMappingHandlerAdapter - ControllerAdvice beans: 0 @ModelAttribute, 0 @InitBinder, 1 RequestBodyAdvice, 1 ResponseBodyAdvice
20:39:58.270 [main] DEBUG org.springframework.web.servlet.mvc.method.annotation.ExceptionHandlerExceptionResolver - ControllerAdvice beans: 0 @ExceptionHandler, 1 ResponseBodyAdvice
20:39:58.270 [main] INFO org.springframework.mock.web.MockServletContext - Initializing Spring TestDispatcherServlet ''
20:39:58.270 [main] INFO org.springframework.test.web.servlet.TestDispatcherServlet - Initializing Servlet ''
20:39:58.270 [main] DEBUG org.springframework.test.web.servlet.TestDispatcherServlet - Detected AcceptHeaderLocaleResolver
20:39:58.270 [main] DEBUG org.springframework.test.web.servlet.TestDispatcherServlet - Detected FixedThemeResolver
20:39:58.271 [main] DEBUG org.springframework.test.web.servlet.TestDispatcherServlet - Detected org.springframework.web.servlet.view.DefaultRequestToViewNameTranslator@11a00961
20:39:58.271 [main] DEBUG org.springframework.test.web.servlet.TestDispatcherServlet - Detected org.springframework.web.servlet.support.SessionFlashMapManager@7ce9e05a
20:39:58.271 [main] DEBUG org.springframework.test.web.servlet.TestDispatcherServlet - enableLoggingRequestDetails='false': request parameters and headers will be masked to prevent unsafe logging of potentially sensitive data
20:39:58.271 [main] INFO org.springframework.test.web.servlet.TestDispatcherServlet - Completed initialization in 1 ms
20:39:58.273 [main] DEBUG org.springframework.test.web.servlet.TestDispatcherServlet - POST "/orders", parameters={}
20:39:58.274 [main] DEBUG org.springframework.web.servlet.mvc.method.annotation.RequestMappingHandlerMapping - Mapped to io.github.bhuwanupadhyay.ordersapijava8.application.WebOrderHandler#createOrder(CreateOrderCommand)
20:39:58.310 [main] DEBUG org.springframework.web.servlet.mvc.method.annotation.RequestResponseBodyMethodProcessor - Read "application/json;charset=ISO-8859-1" to [class CreateOrderCommand {
    customerId: 6a2f41a3-c54c-fce8-32d2-0324e1c32e22
    itemName: Pizza
 (truncated)...]
20:39:58.365 [main] DEBUG org.springframework.web.servlet.mvc.method.annotation.HttpEntityMethodProcessor - Using 'application/json', given [*/*] and supported [application/json]
20:39:58.368 [main] DEBUG org.springframework.web.servlet.mvc.method.annotation.HttpEntityMethodProcessor - Writing [class OrderResource {
    orderId: a512b82b-be62-48ec-8218-ef867f96993d
    customerId: 6a2f41a3-c54 (truncated)...]
20:39:58.379 [main] DEBUG org.springframework.test.web.servlet.TestDispatcherServlet - Completed 200 OK
20:39:58.453 [main] DEBUG com.jayway.jsonpath.internal.path.CompiledPath - Evaluating path: $[?]
20:39:58.456 [main] DEBUG com.jayway.jsonpath.internal.path.CompiledPath - Evaluating path: @['itemName']
20:39:58.461 [main] DEBUG com.jayway.jsonpath.internal.path.CompiledPath - Evaluating path: $[?]
20:39:58.462 [main] DEBUG com.jayway.jsonpath.internal.path.CompiledPath - Evaluating path: @['customerId']
20:39:58.462 [main] DEBUG com.jayway.jsonpath.internal.path.CompiledPath - Evaluating path: $[?]
20:39:58.462 [main] DEBUG com.jayway.jsonpath.internal.path.CompiledPath - Evaluating path: @['quantity']
20:39:58.463 [main] DEBUG com.jayway.jsonpath.internal.path.CompiledPath - Evaluating path: $['orderId']
20:39:58.468 [main] DEBUG org.hibernate.validator.internal.engine.resolver.TraversableResolvers - Cannot find javax.persistence.Persistence on classpath. Assuming non JPA 2 environment. All properties will per default be traversable.
20:39:58.469 [main] DEBUG org.hibernate.validator.messageinterpolation.ResourceBundleMessageInterpolator - Loaded expression factory via original TCCL
20:39:58.469 [main] DEBUG org.hibernate.validator.internal.engine.AbstractConfigurationImpl - Setting custom MessageInterpolator of type org.springframework.validation.beanvalidation.LocaleContextMessageInterpolator
20:39:58.469 [main] DEBUG org.hibernate.validator.internal.engine.AbstractConfigurationImpl - Setting custom ParameterNameProvider of type org.springframework.validation.beanvalidation.LocalValidatorFactoryBean$1
20:39:58.470 [main] DEBUG org.hibernate.validator.internal.xml.config.ValidationXmlParser - Trying to load META-INF/validation.xml for XML based Validator configuration.
20:39:58.470 [main] DEBUG org.hibernate.validator.internal.xml.config.ResourceLoaderHelper - Trying to load META-INF/validation.xml via TCCL
20:39:58.470 [main] DEBUG org.hibernate.validator.internal.xml.config.ResourceLoaderHelper - Trying to load META-INF/validation.xml via Hibernate Validator's class loader
20:39:58.471 [main] DEBUG org.hibernate.validator.internal.xml.config.ValidationXmlParser - No META-INF/validation.xml found. Using annotation based configuration only.
20:39:58.477 [main] DEBUG org.hibernate.validator.internal.engine.ValidatorFactoryConfigurationHelper - HV000252: Using org.hibernate.validator.internal.engine.DefaultPropertyNodeNameProvider as property node name provider.
20:39:58.478 [main] DEBUG org.hibernate.validator.internal.engine.ValidatorFactoryConfigurationHelper - HV000234: Using org.springframework.validation.beanvalidation.LocaleContextMessageInterpolator as ValidatorFactory-scoped message interpolator.
20:39:58.478 [main] DEBUG org.hibernate.validator.internal.engine.ValidatorFactoryConfigurationHelper - HV000234: Using org.hibernate.validator.internal.engine.resolver.TraverseAllTraversableResolver as ValidatorFactory-scoped traversable resolver.
20:39:58.478 [main] DEBUG org.hibernate.validator.internal.engine.ValidatorFactoryConfigurationHelper - HV000234: Using org.hibernate.validator.internal.util.ExecutableParameterNameProvider as ValidatorFactory-scoped parameter name provider.
20:39:58.478 [main] DEBUG org.hibernate.validator.internal.engine.ValidatorFactoryConfigurationHelper - HV000234: Using org.hibernate.validator.internal.engine.DefaultClockProvider as ValidatorFactory-scoped clock provider.
20:39:58.478 [main] DEBUG org.hibernate.validator.internal.engine.ValidatorFactoryConfigurationHelper - HV000234: Using org.hibernate.validator.internal.engine.scripting.DefaultScriptEvaluatorFactory as ValidatorFactory-scoped script evaluator factory.
20:39:58.486 [main] DEBUG org.springframework.web.servlet.mvc.method.annotation.RequestMappingHandlerMapping - 5 mappings in <unknown>
20:39:58.491 [main] DEBUG org.springframework.web.servlet.mvc.method.annotation.RequestMappingHandlerAdapter - ControllerAdvice beans: 0 @ModelAttribute, 0 @InitBinder, 1 RequestBodyAdvice, 1 ResponseBodyAdvice
20:39:58.494 [main] DEBUG org.springframework.web.servlet.mvc.method.annotation.ExceptionHandlerExceptionResolver - ControllerAdvice beans: 0 @ExceptionHandler, 1 ResponseBodyAdvice
20:39:58.494 [main] INFO org.springframework.mock.web.MockServletContext - Initializing Spring TestDispatcherServlet ''
20:39:58.495 [main] INFO org.springframework.test.web.servlet.TestDispatcherServlet - Initializing Servlet ''
20:39:58.495 [main] DEBUG org.springframework.test.web.servlet.TestDispatcherServlet - Detected AcceptHeaderLocaleResolver
20:39:58.495 [main] DEBUG org.springframework.test.web.servlet.TestDispatcherServlet - Detected FixedThemeResolver
20:39:58.495 [main] DEBUG org.springframework.test.web.servlet.TestDispatcherServlet - Detected org.springframework.web.servlet.view.DefaultRequestToViewNameTranslator@6e33fcae
20:39:58.495 [main] DEBUG org.springframework.test.web.servlet.TestDispatcherServlet - Detected org.springframework.web.servlet.support.SessionFlashMapManager@66c38e51
20:39:58.495 [main] DEBUG org.springframework.test.web.servlet.TestDispatcherServlet - enableLoggingRequestDetails='false': request parameters and headers will be masked to prevent unsafe logging of potentially sensitive data
20:39:58.495 [main] INFO org.springframework.test.web.servlet.TestDispatcherServlet - Completed initialization in 0 ms
20:39:58.497 [main] DEBUG org.springframework.test.web.servlet.TestDispatcherServlet - PUT "/orders/0a818933-087d-47f2-ad83-2f986ed087eb", parameters={}
20:39:58.498 [main] DEBUG org.springframework.web.servlet.mvc.method.annotation.RequestMappingHandlerMapping - Mapped to io.github.bhuwanupadhyay.ordersapijava8.application.WebOrderHandler#updateOrder(String, UpdateOrderCommand)
20:39:58.502 [main] DEBUG org.springframework.web.servlet.mvc.method.annotation.RequestResponseBodyMethodProcessor - Read "application/json;charset=ISO-8859-1" to [class UpdateOrderCommand {
    itemName: Hot Dog
    quantity: 15
}]
20:39:58.508 [main] DEBUG org.springframework.web.servlet.mvc.method.annotation.HttpEntityMethodProcessor - Using 'application/json', given [*/*] and supported [application/json]
20:39:58.510 [main] DEBUG org.springframework.web.servlet.mvc.method.annotation.HttpEntityMethodProcessor - Writing [class OrderResource {
    orderId: 0a818933-087d-47f2-ad83-2f986ed087eb
    customerId: 91bb1cd1-884 (truncated)...]
20:39:58.511 [main] DEBUG org.springframework.test.web.servlet.TestDispatcherServlet - Completed 200 OK
20:39:58.513 [main] DEBUG com.jayway.jsonpath.internal.path.CompiledPath - Evaluating path: $[?]
20:39:58.513 [main] DEBUG com.jayway.jsonpath.internal.path.CompiledPath - Evaluating path: @['itemName']
20:39:58.514 [main] DEBUG com.jayway.jsonpath.internal.path.CompiledPath - Evaluating path: $[?]
20:39:58.514 [main] DEBUG com.jayway.jsonpath.internal.path.CompiledPath - Evaluating path: @['customerId']
20:39:58.515 [main] DEBUG com.jayway.jsonpath.internal.path.CompiledPath - Evaluating path: $[?]
20:39:58.515 [main] DEBUG com.jayway.jsonpath.internal.path.CompiledPath - Evaluating path: @['quantity']
20:39:58.516 [main] DEBUG com.jayway.jsonpath.internal.path.CompiledPath - Evaluating path: $[?]
20:39:58.516 [main] DEBUG com.jayway.jsonpath.internal.path.CompiledPath - Evaluating path: @['orderId']
20:39:58.521 [main] DEBUG org.hibernate.validator.internal.engine.resolver.TraversableResolvers - Cannot find javax.persistence.Persistence on classpath. Assuming non JPA 2 environment. All properties will per default be traversable.
20:39:58.521 [main] DEBUG org.hibernate.validator.messageinterpolation.ResourceBundleMessageInterpolator - Loaded expression factory via original TCCL
20:39:58.522 [main] DEBUG org.hibernate.validator.internal.engine.AbstractConfigurationImpl - Setting custom MessageInterpolator of type org.springframework.validation.beanvalidation.LocaleContextMessageInterpolator
20:39:58.522 [main] DEBUG org.hibernate.validator.internal.engine.AbstractConfigurationImpl - Setting custom ParameterNameProvider of type org.springframework.validation.beanvalidation.LocalValidatorFactoryBean$1
20:39:58.523 [main] DEBUG org.hibernate.validator.internal.xml.config.ValidationXmlParser - Trying to load META-INF/validation.xml for XML based Validator configuration.
20:39:58.523 [main] DEBUG org.hibernate.validator.internal.xml.config.ResourceLoaderHelper - Trying to load META-INF/validation.xml via TCCL
20:39:58.523 [main] DEBUG org.hibernate.validator.internal.xml.config.ResourceLoaderHelper - Trying to load META-INF/validation.xml via Hibernate Validator's class loader
20:39:58.524 [main] DEBUG org.hibernate.validator.internal.xml.config.ValidationXmlParser - No META-INF/validation.xml found. Using annotation based configuration only.
20:39:58.532 [main] DEBUG org.hibernate.validator.internal.engine.ValidatorFactoryConfigurationHelper - HV000252: Using org.hibernate.validator.internal.engine.DefaultPropertyNodeNameProvider as property node name provider.
20:39:58.533 [main] DEBUG org.hibernate.validator.internal.engine.ValidatorFactoryConfigurationHelper - HV000234: Using org.springframework.validation.beanvalidation.LocaleContextMessageInterpolator as ValidatorFactory-scoped message interpolator.
20:39:58.533 [main] DEBUG org.hibernate.validator.internal.engine.ValidatorFactoryConfigurationHelper - HV000234: Using org.hibernate.validator.internal.engine.resolver.TraverseAllTraversableResolver as ValidatorFactory-scoped traversable resolver.
20:39:58.533 [main] DEBUG org.hibernate.validator.internal.engine.ValidatorFactoryConfigurationHelper - HV000234: Using org.hibernate.validator.internal.util.ExecutableParameterNameProvider as ValidatorFactory-scoped parameter name provider.
20:39:58.533 [main] DEBUG org.hibernate.validator.internal.engine.ValidatorFactoryConfigurationHelper - HV000234: Using org.hibernate.validator.internal.engine.DefaultClockProvider as ValidatorFactory-scoped clock provider.
20:39:58.533 [main] DEBUG org.hibernate.validator.internal.engine.ValidatorFactoryConfigurationHelper - HV000234: Using org.hibernate.validator.internal.engine.scripting.DefaultScriptEvaluatorFactory as ValidatorFactory-scoped script evaluator factory.
20:39:58.541 [main] DEBUG org.springframework.web.servlet.mvc.method.annotation.RequestMappingHandlerMapping - 5 mappings in <unknown>
20:39:58.548 [main] DEBUG org.springframework.web.servlet.mvc.method.annotation.RequestMappingHandlerAdapter - ControllerAdvice beans: 0 @ModelAttribute, 0 @InitBinder, 1 RequestBodyAdvice, 1 ResponseBodyAdvice
20:39:58.551 [main] DEBUG org.springframework.web.servlet.mvc.method.annotation.ExceptionHandlerExceptionResolver - ControllerAdvice beans: 0 @ExceptionHandler, 1 ResponseBodyAdvice
20:39:58.551 [main] INFO org.springframework.mock.web.MockServletContext - Initializing Spring TestDispatcherServlet ''
20:39:58.551 [main] INFO org.springframework.test.web.servlet.TestDispatcherServlet - Initializing Servlet ''
20:39:58.551 [main] DEBUG org.springframework.test.web.servlet.TestDispatcherServlet - Detected AcceptHeaderLocaleResolver
20:39:58.552 [main] DEBUG org.springframework.test.web.servlet.TestDispatcherServlet - Detected FixedThemeResolver
20:39:58.552 [main] DEBUG org.springframework.test.web.servlet.TestDispatcherServlet - Detected org.springframework.web.servlet.view.DefaultRequestToViewNameTranslator@5ff2b8ca
20:39:58.552 [main] DEBUG org.springframework.test.web.servlet.TestDispatcherServlet - Detected org.springframework.web.servlet.support.SessionFlashMapManager@618ad2aa
20:39:58.552 [main] DEBUG org.springframework.test.web.servlet.TestDispatcherServlet - enableLoggingRequestDetails='false': request parameters and headers will be masked to prevent unsafe logging of potentially sensitive data
20:39:58.552 [main] INFO org.springframework.test.web.servlet.TestDispatcherServlet - Completed initialization in 1 ms
20:39:58.554 [main] DEBUG org.springframework.test.web.servlet.TestDispatcherServlet - GET "/orders/0a818933-087d-47f2-ad83-2f986ed087eb", parameters={}
20:39:58.555 [main] DEBUG org.springframework.web.servlet.mvc.method.annotation.RequestMappingHandlerMapping - Mapped to io.github.bhuwanupadhyay.ordersapijava8.application.WebOrderHandler#getOrder(String)
20:39:58.557 [main] DEBUG org.springframework.web.servlet.mvc.method.annotation.HttpEntityMethodProcessor - Using 'application/json', given [*/*] and supported [application/json]
20:39:58.560 [main] DEBUG org.springframework.web.servlet.mvc.method.annotation.HttpEntityMethodProcessor - Writing [class OrderResource {
    orderId: 0a818933-087d-47f2-ad83-2f986ed087eb
    customerId: 91bb1cd1-884 (truncated)...]
20:39:58.560 [main] DEBUG org.springframework.test.web.servlet.TestDispatcherServlet - Completed 200 OK
20:39:58.562 [main] DEBUG com.jayway.jsonpath.internal.path.CompiledPath - Evaluating path: $[?]
20:39:58.566 [main] DEBUG com.jayway.jsonpath.internal.path.CompiledPath - Evaluating path: @['orderId']
20:39:58.567 [main] DEBUG com.jayway.jsonpath.internal.path.CompiledPath - Evaluating path: $[?]
20:39:58.567 [main] DEBUG com.jayway.jsonpath.internal.path.CompiledPath - Evaluating path: @['itemName']
20:39:58.567 [main] DEBUG com.jayway.jsonpath.internal.path.CompiledPath - Evaluating path: $[?]
20:39:58.567 [main] DEBUG com.jayway.jsonpath.internal.path.CompiledPath - Evaluating path: @['customerId']
20:39:58.568 [main] DEBUG com.jayway.jsonpath.internal.path.CompiledPath - Evaluating path: $[?]
20:39:58.568 [main] DEBUG com.jayway.jsonpath.internal.path.CompiledPath - Evaluating path: @['quantity']
20:39:58.582 [main] DEBUG org.hibernate.validator.internal.engine.resolver.TraversableResolvers - Cannot find javax.persistence.Persistence on classpath. Assuming non JPA 2 environment. All properties will per default be traversable.
20:39:58.582 [main] DEBUG org.hibernate.validator.messageinterpolation.ResourceBundleMessageInterpolator - Loaded expression factory via original TCCL
20:39:58.582 [main] DEBUG org.hibernate.validator.internal.engine.AbstractConfigurationImpl - Setting custom MessageInterpolator of type org.springframework.validation.beanvalidation.LocaleContextMessageInterpolator
20:39:58.582 [main] DEBUG org.hibernate.validator.internal.engine.AbstractConfigurationImpl - Setting custom ParameterNameProvider of type org.springframework.validation.beanvalidation.LocalValidatorFactoryBean$1
20:39:58.583 [main] DEBUG org.hibernate.validator.internal.xml.config.ValidationXmlParser - Trying to load META-INF/validation.xml for XML based Validator configuration.
20:39:58.583 [main] DEBUG org.hibernate.validator.internal.xml.config.ResourceLoaderHelper - Trying to load META-INF/validation.xml via TCCL
20:39:58.584 [main] DEBUG org.hibernate.validator.internal.xml.config.ResourceLoaderHelper - Trying to load META-INF/validation.xml via Hibernate Validator's class loader
20:39:58.584 [main] DEBUG org.hibernate.validator.internal.xml.config.ValidationXmlParser - No META-INF/validation.xml found. Using annotation based configuration only.
20:39:58.594 [main] DEBUG org.hibernate.validator.internal.engine.ValidatorFactoryConfigurationHelper - HV000252: Using org.hibernate.validator.internal.engine.DefaultPropertyNodeNameProvider as property node name provider.
20:39:58.594 [main] DEBUG org.hibernate.validator.internal.engine.ValidatorFactoryConfigurationHelper - HV000234: Using org.springframework.validation.beanvalidation.LocaleContextMessageInterpolator as ValidatorFactory-scoped message interpolator.
20:39:58.595 [main] DEBUG org.hibernate.validator.internal.engine.ValidatorFactoryConfigurationHelper - HV000234: Using org.hibernate.validator.internal.engine.resolver.TraverseAllTraversableResolver as ValidatorFactory-scoped traversable resolver.
20:39:58.595 [main] DEBUG org.hibernate.validator.internal.engine.ValidatorFactoryConfigurationHelper - HV000234: Using org.hibernate.validator.internal.util.ExecutableParameterNameProvider as ValidatorFactory-scoped parameter name provider.
20:39:58.595 [main] DEBUG org.hibernate.validator.internal.engine.ValidatorFactoryConfigurationHelper - HV000234: Using org.hibernate.validator.internal.engine.DefaultClockProvider as ValidatorFactory-scoped clock provider.
20:39:58.595 [main] DEBUG org.hibernate.validator.internal.engine.ValidatorFactoryConfigurationHelper - HV000234: Using org.hibernate.validator.internal.engine.scripting.DefaultScriptEvaluatorFactory as ValidatorFactory-scoped script evaluator factory.
20:39:58.602 [main] DEBUG org.springframework.web.servlet.mvc.method.annotation.RequestMappingHandlerMapping - 5 mappings in <unknown>
20:39:58.609 [main] DEBUG org.springframework.web.servlet.mvc.method.annotation.RequestMappingHandlerAdapter - ControllerAdvice beans: 0 @ModelAttribute, 0 @InitBinder, 1 RequestBodyAdvice, 1 ResponseBodyAdvice
20:39:58.612 [main] DEBUG org.springframework.web.servlet.mvc.method.annotation.ExceptionHandlerExceptionResolver - ControllerAdvice beans: 0 @ExceptionHandler, 1 ResponseBodyAdvice
20:39:58.612 [main] INFO org.springframework.mock.web.MockServletContext - Initializing Spring TestDispatcherServlet ''
20:39:58.612 [main] INFO org.springframework.test.web.servlet.TestDispatcherServlet - Initializing Servlet ''
20:39:58.613 [main] DEBUG org.springframework.test.web.servlet.TestDispatcherServlet - Detected AcceptHeaderLocaleResolver
20:39:58.613 [main] DEBUG org.springframework.test.web.servlet.TestDispatcherServlet - Detected FixedThemeResolver
20:39:58.613 [main] DEBUG org.springframework.test.web.servlet.TestDispatcherServlet - Detected org.springframework.web.servlet.view.DefaultRequestToViewNameTranslator@53ed09e8
20:39:58.613 [main] DEBUG org.springframework.test.web.servlet.TestDispatcherServlet - Detected org.springframework.web.servlet.support.SessionFlashMapManager@60859f5a
20:39:58.613 [main] DEBUG org.springframework.test.web.servlet.TestDispatcherServlet - enableLoggingRequestDetails='false': request parameters and headers will be masked to prevent unsafe logging of potentially sensitive data
20:39:58.613 [main] INFO org.springframework.test.web.servlet.TestDispatcherServlet - Completed initialization in 1 ms
20:39:58.617 [main] DEBUG org.springframework.test.web.servlet.TestDispatcherServlet - GET "/orders?pageNumber=1&pageSize=10&sort=orderId,ASC", parameters={masked}
20:39:58.618 [main] DEBUG org.springframework.web.servlet.mvc.method.annotation.RequestMappingHandlerMapping - Mapped to io.github.bhuwanupadhyay.ordersapijava8.application.WebOrderHandler#listOrder(OrderResource, PageCommand)
20:39:58.684 [main] DEBUG org.springframework.web.servlet.mvc.method.annotation.HttpEntityMethodProcessor - Using 'application/json', given [*/*] and supported [application/json]
20:39:58.689 [main] DEBUG org.springframework.web.servlet.mvc.method.annotation.HttpEntityMethodProcessor - Writing [class OrderPageList {
    content: [class OrderResource {
        orderId: 0a818933-087d-47f2-ad83-2 (truncated)...]
20:39:58.699 [main] DEBUG org.springframework.test.web.servlet.TestDispatcherServlet - Completed 200 OK
[INFO] Tests run: 6, Failures: 0, Errors: 0, Skipped: 0, Time elapsed: 2.207 s - in io.github.bhuwanupadhyay.ordersapijava8.application.ContractVerifierTest
[INFO] 
[INFO] Results:
[INFO] 
[INFO] Tests run: 6, Failures: 0, Errors: 0, Skipped: 0
[INFO] 
[INFO] 
[INFO] --- spring-cloud-contract-maven-plugin:2.2.2.RELEASE:generateStubs (default-generateStubs) @ orders-api-server ---
[INFO] Files matching this pattern will be excluded from stubs generation []
[INFO] Building jar: /home/pc/BhuwanUpadhyay/githubs/spring-cloud-contract-openapi-sample/orders-api-server/target/orders-api-server-stubs.jar
[INFO] 
[INFO] --- maven-jar-plugin:3.2.0:jar (default-jar) @ orders-api-server ---
[INFO] Building jar: /home/pc/BhuwanUpadhyay/githubs/spring-cloud-contract-openapi-sample/orders-api-server/target/orders-api-server.jar
[INFO] 
[INFO] --- spring-boot-maven-plugin:2.3.0.M2:repackage (repackage) @ orders-api-server ---
[INFO] Replacing main artifact with repackaged archive
[INFO] 
[INFO] --- maven-failsafe-plugin:2.22.2:integration-test (default) @ orders-api-server ---
[INFO] 
[INFO] --- maven-failsafe-plugin:2.22.2:verify (default) @ orders-api-server ---
[INFO] 
[INFO] --- maven-install-plugin:2.5.2:install (default-install) @ orders-api-server ---
[INFO] Installing /home/pc/BhuwanUpadhyay/githubs/spring-cloud-contract-openapi-sample/orders-api-server/target/orders-api-server.jar to /home/pc/.m2/repository/io/github/bhuwanupadhyay/orders-api-server/0.0.1-SNAPSHOT/orders-api-server-0.0.1-SNAPSHOT.jar
[INFO] Installing /home/pc/BhuwanUpadhyay/githubs/spring-cloud-contract-openapi-sample/orders-api-server/pom.xml to /home/pc/.m2/repository/io/github/bhuwanupadhyay/orders-api-server/0.0.1-SNAPSHOT/orders-api-server-0.0.1-SNAPSHOT.pom
[INFO] Installing /home/pc/BhuwanUpadhyay/githubs/spring-cloud-contract-openapi-sample/orders-api-server/target/orders-api-server-stubs.jar to /home/pc/.m2/repository/io/github/bhuwanupadhyay/orders-api-server/0.0.1-SNAPSHOT/orders-api-server-0.0.1-SNAPSHOT-stubs.jar
[INFO] ------------------------------------------------------------------------
[INFO] BUILD SUCCESS
[INFO] ------------------------------------------------------------------------
[INFO] Total time:  12.897 s
[INFO] Finished at: 2020-03-24T20:40:00+05:45
[INFO] ------------------------------------------------------------------------
